<?xml version="1.0" encoding="UTF-8"?>
<!-- Generated by org.testng.reporters.JUnitReportReporter -->
<testsuite hostname="DESKTOP-HFGE1EV" failures="0" tests="1" name="mavenListnerTest.Listner_test_class" time="28.227" errors="0" timestamp="08 Jul 2021 16:40:16 GMT" skipped="0">
  <testcase classname="mavenListnerTest.Listner_test_class" name="googleTest" time="28.227"/>
</testsuite> <!-- mavenListnerTest.Listner_test_class -->
