<?xml version="1.0" encoding="UTF-8"?>
<!-- Generated by org.testng.reporters.JUnitReportReporter -->
<testsuite hostname="DESKTOP-HFGE1EV" failures="0" tests="1" name="MavenTestNG.TestNG.TestngFeatures" time="0.023" errors="0" timestamp="29 Jun 2021 09:10:46 GMT" skipped="0">
  <testcase classname="MavenTestNG.TestNG.TestngFeatures" name="test5" time="0.023"/>
</testsuite> <!-- MavenTestNG.TestNG.TestngFeatures -->
